<?xml version="1.0" encoding="UTF-8"?>
<!-- Generated by org.testng.reporters.JUnitXMLReporter -->
<testsuite ignored="0" hostname="LAPTOP-74HSD0LE" failures="1" tests="2" name="Naveen Maven Test" time="10.701" errors="0" timestamp="2021-08-16T18:42:41 IST">
  <testcase classname="ExtentsReports.ExtentsReports.FirstClass" name="@BeforeMethod Setup" time="2.628">
    <failure type="org.openqa.selenium.WebDriverException" message="unknown error: cannot determine loading status
from disconnected: received Inspector.detached event
  (Session info: chrome=92.0.4515.131)
Build info: version: &amp;apos;3.141.59&amp;apos;, revision: &amp;apos;e82be7d358&amp;apos;, time: &amp;apos;2018-11-14T08:17:03&amp;apos;
System info: host: &amp;apos;LAPTOP-74HSD0LE&amp;apos;, ip: &amp;apos;192.168.116.1&amp;apos;, os.name: &amp;apos;Windows 10&amp;apos;, os.arch: &amp;apos;amd64&amp;apos;, os.version: &amp;apos;10.0&amp;apos;, java.version: &amp;apos;13.0.1&amp;apos;
Driver info: org.openqa.selenium.chrome.ChromeDriver
Capabilities {acceptInsecureCerts: false, browserName: chrome, browserVersion: 92.0.4515.131, chrome: {chromedriverVersion: 92.0.4515.107 (87a818b10553..., userDataDir: C:\Users\NAVEEN\AppData\Loc...}, goog:chromeOptions: {debuggerAddress: localhost:64304}, javascriptEnabled: true, networkConnectionEnabled: false, pageLoadStrategy: normal, platform: WINDOWS, platformName: WINDOWS, proxy: Proxy(), setWindowRect: true, strictFileInteractability: false, timeouts: {implicit: 0, pageLoad: 300000, script: 30000}, unhandledPromptBehavior: dismiss and notify, webauthn:extension:credBlob: true, webauthn:extension:largeBlob: true, webauthn:virtualAuthenticators: true}
Session ID: 90e378e7957bc922159f93ad0b0c23ae">
      <![CDATA[org.openqa.selenium.WebDriverException: unknown error: cannot determine loading status
from disconnected: received Inspector.detached event
  (Session info: chrome=92.0.4515.131)
Build info: version: '3.141.59', revision: 'e82be7d358', time: '2018-11-14T08:17:03'
System info: host: 'LAPTOP-74HSD0LE', ip: '192.168.116.1', os.name: 'Windows 10', os.arch: 'amd64', os.version: '10.0', java.version: '13.0.1'
Driver info: org.openqa.selenium.chrome.ChromeDriver
Capabilities {acceptInsecureCerts: false, browserName: chrome, browserVersion: 92.0.4515.131, chrome: {chromedriverVersion: 92.0.4515.107 (87a818b10553..., userDataDir: C:\Users\NAVEEN\AppData\Loc...}, goog:chromeOptions: {debuggerAddress: localhost:64304}, javascriptEnabled: true, networkConnectionEnabled: false, pageLoadStrategy: normal, platform: WINDOWS, platformName: WINDOWS, proxy: Proxy(), setWindowRect: true, strictFileInteractability: false, timeouts: {implicit: 0, pageLoad: 300000, script: 30000}, unhandledPromptBehavior: dismiss and notify, webauthn:extension:credBlob: true, webauthn:extension:largeBlob: true, webauthn:virtualAuthenticators: true}
Session ID: 90e378e7957bc922159f93ad0b0c23ae
at org.openqa.selenium.remote.http.W3CHttpResponseCodec.createException(W3CHttpResponseCodec.java:187)
at org.openqa.selenium.remote.http.W3CHttpResponseCodec.decode(W3CHttpResponseCodec.java:122)
at org.openqa.selenium.remote.http.W3CHttpResponseCodec.decode(W3CHttpResponseCodec.java:49)
at org.openqa.selenium.remote.HttpCommandExecutor.execute(HttpCommandExecutor.java:158)
at org.openqa.selenium.remote.service.DriverCommandExecutor.execute(DriverCommandExecutor.java:83)
at org.openqa.selenium.remote.RemoteWebDriver.execute(RemoteWebDriver.java:552)
at org.openqa.selenium.remote.RemoteWebDriver.get(RemoteWebDriver.java:277)
at ExtentsReports.ExtentsReports.FirstClass.Setup(FirstClass.java:63)
at java.base/java.util.ArrayList.forEach(ArrayList.java:1507)
... Removed 36 stack frames]]>
    </failure>
  </testcase> <!-- @BeforeMethod Setup -->
  <testcase classname="ExtentsReports.ExtentsReports.FirstClass" name="@AfterMethod teardown" time="-1.62911956173E9">
    <skipped/>
  </testcase> <!-- @AfterMethod teardown -->
  <testcase classname="ExtentsReports.ExtentsReports.FirstClass" name="@AfterTest EndReport" time="-1.629119561742E9">
    <skipped/>
  </testcase> <!-- @AfterTest EndReport -->
  <testcase classname="ExtentsReports.ExtentsReports.FirstClass" name="TitleTest" time="0.03">
    <failure type="java.lang.AssertionError" message="expected [aaaaaaaaaaa] but found [Facebook - लॉग इन या साइन अप करें]">
      <![CDATA[java.lang.AssertionError: expected [aaaaaaaaaaa] but found [Facebook - लॉग इन या साइन अप करें]
at ExtentsReports.ExtentsReports.FirstClass.TitleTest(FirstClass.java:73)
at java.base/java.util.ArrayList.forEach(ArrayList.java:1507)
... Removed 33 stack frames]]>
    </failure>
  </testcase> <!-- TitleTest -->
  <testcase classname="ExtentsReports.ExtentsReports.FirstClass" name="TitleTest1" time="0.0">
    <skipped/>
  </testcase> <!-- TitleTest1 -->
</testsuite> <!-- Naveen Maven Test -->
